Determining if the pthread_create exist failed with the following output:
Change Dir: /home/yuntian/catkin_ws/src/hitll/dataset_recorder/build/CMakeFiles/CMakeTmp

Run Build Command:"/usr/bin/make" "cmTC_1edec/fast"
/usr/bin/make -f CMakeFiles/cmTC_1edec.dir/build.make CMakeFiles/cmTC_1edec.dir/build
make[1]: Entering directory '/home/yuntian/catkin_ws/src/hitll/dataset_recorder/build/CMakeFiles/CMakeTmp'
Building C object CMakeFiles/cmTC_1edec.dir/CheckSymbolExists.c.o
/usr/bin/gcc-7    -o CMakeFiles/cmTC_1edec.dir/CheckSymbolExists.c.o   -c /home/yuntian/catkin_ws/src/hitll/dataset_recorder/build/CMakeFiles/CMakeTmp/CheckSymbolExists.c
Linking C executable cmTC_1edec
/usr/bin/cmake -E cmake_link_script CMakeFiles/cmTC_1edec.dir/link.txt --verbose=1
/usr/bin/gcc-7      -rdynamic CMakeFiles/cmTC_1edec.dir/CheckSymbolExists.c.o  -o cmTC_1edec 
CMakeFiles/cmTC_1edec.dir/CheckSymbolExists.c.o: In function `main':
CheckSymbolExists.c:(.text+0x1b): undefined reference to `pthread_create'
collect2: error: ld returned 1 exit status
CMakeFiles/cmTC_1edec.dir/build.make:97: recipe for target 'cmTC_1edec' failed
make[1]: *** [cmTC_1edec] Error 1
make[1]: Leaving directory '/home/yuntian/catkin_ws/src/hitll/dataset_recorder/build/CMakeFiles/CMakeTmp'
Makefile:126: recipe for target 'cmTC_1edec/fast' failed
make: *** [cmTC_1edec/fast] Error 2

File /home/yuntian/catkin_ws/src/hitll/dataset_recorder/build/CMakeFiles/CMakeTmp/CheckSymbolExists.c:
/* */
#include <pthread.h>

int main(int argc, char** argv)
{
  (void)argv;
#ifndef pthread_create
  return ((int*)(&pthread_create))[argc];
#else
  (void)argc;
  return 0;
#endif
}

Determining if the function pthread_create exists in the pthreads failed with the following output:
Change Dir: /home/yuntian/catkin_ws/src/hitll/dataset_recorder/build/CMakeFiles/CMakeTmp

Run Build Command:"/usr/bin/make" "cmTC_3361e/fast"
/usr/bin/make -f CMakeFiles/cmTC_3361e.dir/build.make CMakeFiles/cmTC_3361e.dir/build
make[1]: Entering directory '/home/yuntian/catkin_ws/src/hitll/dataset_recorder/build/CMakeFiles/CMakeTmp'
Building C object CMakeFiles/cmTC_3361e.dir/CheckFunctionExists.c.o
/usr/bin/gcc-7   -DCHECK_FUNCTION_EXISTS=pthread_create   -o CMakeFiles/cmTC_3361e.dir/CheckFunctionExists.c.o   -c /usr/share/cmake-3.10/Modules/CheckFunctionExists.c
Linking C executable cmTC_3361e
/usr/bin/cmake -E cmake_link_script CMakeFiles/cmTC_3361e.dir/link.txt --verbose=1
/usr/bin/gcc-7  -DCHECK_FUNCTION_EXISTS=pthread_create    -rdynamic CMakeFiles/cmTC_3361e.dir/CheckFunctionExists.c.o  -o cmTC_3361e -lpthreads 
/usr/bin/ld: cannot find -lpthreads
collect2: error: ld returned 1 exit status
CMakeFiles/cmTC_3361e.dir/build.make:97: recipe for target 'cmTC_3361e' failed
make[1]: *** [cmTC_3361e] Error 1
make[1]: Leaving directory '/home/yuntian/catkin_ws/src/hitll/dataset_recorder/build/CMakeFiles/CMakeTmp'
Makefile:126: recipe for target 'cmTC_3361e/fast' failed
make: *** [cmTC_3361e/fast] Error 2


